[debug] [2023-01-16T17:56:15.751Z] ----------------------------------------------------------------------
[debug] [2023-01-16T17:56:15.753Z] Command:       C:\Program Files\nodejs\node.exe C:\Users\shrik\AppData\Roaming\npm\node_modules\firebase-tools\lib\bin\firebase.js init
[debug] [2023-01-16T17:56:15.753Z] CLI Version:   11.20.0
[debug] [2023-01-16T17:56:15.753Z] Platform:      win32
[debug] [2023-01-16T17:56:15.753Z] Node Version:  v18.12.1
[debug] [2023-01-16T17:56:15.754Z] Time:          Mon Jan 16 2023 23:26:15 GMT+0530 (India Standard Time)
[debug] [2023-01-16T17:56:15.754Z] ----------------------------------------------------------------------
[debug] 
[debug] [2023-01-16T17:56:15.761Z] > command requires scopes: ["email","openid","https://www.googleapis.com/auth/cloudplatformprojects.readonly","https://www.googleapis.com/auth/firebase","https://www.googleapis.com/auth/cloud-platform"]
[debug] [2023-01-16T17:56:15.761Z] > authorizing via signed-in user (shrikant26paringe@gmail.com)
[info] 
     ######## #### ########  ######## ########     ###     ######  ########
     ##        ##  ##     ## ##       ##     ##  ##   ##  ##       ##
     ######    ##  ########  ######   ########  #########  ######  ######
     ##        ##  ##    ##  ##       ##     ## ##     ##       ## ##
     ##       #### ##     ## ######## ########  ##     ##  ######  ########

You're about to initialize a Firebase project in this directory:

  C:\Users\shrik\OneDrive\Desktop\Codes\amazon

[info] 
=== Project Setup
[info] 
[info] First, let's associate this project directory with a Firebase project.
[info] You can create multiple project aliases by running firebase use --add, 
[info] but for now we'll just set up a default project.
[info] 
[debug] [2023-01-16T17:57:58.355Z] >>> [apiv2][query] GET https://firebase.googleapis.com/v1beta1/projects pageSize=100
[debug] [2023-01-16T17:57:59.236Z] <<< [apiv2][status] GET https://firebase.googleapis.com/v1beta1/projects 200
[debug] [2023-01-16T17:57:59.236Z] <<< [apiv2][body] GET https://firebase.googleapis.com/v1beta1/projects [omitted]
[info] i  Using project e-clone-d5e8e (amazone-clone) 
[info] 
=== Hosting Setup
[info] 
[info] Your public directory is the folder (relative to your project directory) that
[info] will contain Hosting assets to be uploaded with firebase deploy. If you
[info] have a build process for your assets, use your build's output directory.
[info] 
[debug] [2023-01-16T17:59:01.672Z] >>> [apiv2][query] GET https://www.gstatic.com/firebasejs/releases.json [none]
[debug] [2023-01-16T17:59:01.755Z] <<< [apiv2][status] GET https://www.gstatic.com/firebasejs/releases.json 200
[debug] [2023-01-16T17:59:01.755Z] <<< [apiv2][body] GET https://www.gstatic.com/firebasejs/releases.json {"current":{"version":"9.15.0","browserURL":"https://www.gstatic.com/firebasejs/9.15.0/firebase.js","packageURL":"https://www.gstatic.com/firebasejs/9.15.0/firebase.tgz"},"live":{"version":"9.15","browserURL":"https://www.gstatic.com/firebasejs/live/9.15/firebase.js","packageURL":"https://www.gstatic.com/firebasejs/live/9.15/firebase.tgz"},"components":{"analytics":"https://www.gstatic.com/firebasejs/9.15.0/firebase-analytics.js","app":"https://www.gstatic.com/firebasejs/9.15.0/firebase-app.js","app-check":"https://www.gstatic.com/firebasejs/9.15.0/firebase-app-check.js","auth":"https://www.gstatic.com/firebasejs/9.15.0/firebase-auth.js","auth/cordova":"https://www.gstatic.com/firebasejs/9.15.0/firebase-auth/cordova.js","auth/react-native":"https://www.gstatic.com/firebasejs/9.15.0/firebase-auth/react-native.js","functions":"https://www.gstatic.com/firebasejs/9.15.0/firebase-functions.js","firestore":"https://www.gstatic.com/firebasejs/9.15.0/firebase-firestore.js","firestore/lite":"https://www.gstatic.com/firebasejs/9.15.0/firebase-firestore/lite.js","installations":"https://www.gstatic.com/firebasejs/9.15.0/firebase-installations.js","storage":"https://www.gstatic.com/firebasejs/9.15.0/firebase-storage.js","performance":"https://www.gstatic.com/firebasejs/9.15.0/firebase-performance.js","remote-config":"https://www.gstatic.com/firebasejs/9.15.0/firebase-remote-config.js","messaging":"https://www.gstatic.com/firebasejs/9.15.0/firebase-messaging.js","messaging/sw":"https://www.gstatic.com/firebasejs/9.15.0/firebase-messaging/sw.js","database":"https://www.gstatic.com/firebasejs/9.15.0/firebase-database.js","firestore.memory":"https://www.gstatic.com/firebasejs/9.15.0/firebase-firestore.memory.js"}}
[info] +  Wrote build/index.html 
[info] 
[info] i  Detected a .git folder at C:\Users\shrik\OneDrive\Desktop\Codes\amazon 
[info] i  Authorizing with GitHub to upload your service account to a GitHub repository's secrets store. 
[info] 
[info] Visit this URL on this device to log in:
[info] https://github.com/login/oauth/authorize?client_id=89cf50f02ac6aaed3484&state=735073336&redirect_uri=http%3A%2F%2Flocalhost%3A9005&scope=read%3Auser%20repo%20public_repo
[info] 
[info] Waiting for authentication...
[debug] [2023-01-16T17:59:11.220Z] >>> [apiv2][query] POST https://github.com/login/oauth/access_token [none]
[debug] [2023-01-16T17:59:11.220Z] >>> [apiv2][body] POST https://github.com/login/oauth/access_token [stream]
[debug] [2023-01-16T17:59:11.601Z] <<< [apiv2][status] POST https://github.com/login/oauth/access_token 200
[debug] [2023-01-16T17:59:11.601Z] <<< [apiv2][body] POST https://github.com/login/oauth/access_token {"access_token":"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","token_type":"bearer","scope":"read:user,repo"}
[debug] [2023-01-16T17:59:11.621Z] >>> [apiv2][query] GET https://api.github.com/user [none]
[debug] [2023-01-16T17:59:12.231Z] <<< [apiv2][status] GET https://api.github.com/user 200
[debug] [2023-01-16T17:59:12.231Z] <<< [apiv2][body] GET https://api.github.com/user {"login":"Shrikant2603","id":93378209,"node_id":"U_kgDOBZDWoQ","avatar_url":"https://avatars.githubusercontent.com/u/93378209?v=4","gravatar_id":"","url":"https://api.github.com/users/Shrikant2603","html_url":"https://github.com/Shrikant2603","followers_url":"https://api.github.com/users/Shrikant2603/followers","following_url":"https://api.github.com/users/Shrikant2603/following{/other_user}","gists_url":"https://api.github.com/users/Shrikant2603/gists{/gist_id}","starred_url":"https://api.github.com/users/Shrikant2603/starred{/owner}{/repo}","subscriptions_url":"https://api.github.com/users/Shrikant2603/subscriptions","organizations_url":"https://api.github.com/users/Shrikant2603/orgs","repos_url":"https://api.github.com/users/Shrikant2603/repos","events_url":"https://api.github.com/users/Shrikant2603/events{/privacy}","received_events_url":"https://api.github.com/users/Shrikant2603/received_events","type":"User","site_admin":false,"name":null,"company":null,"blog":"","location":null,"email":null,"hireable":null,"bio":null,"twitter_username":null,"public_repos":13,"public_gists":0,"followers":0,"following":0,"created_at":"2021-10-29T09:50:33Z","updated_at":"2022-12-31T17:05:49Z","private_gists":0,"total_private_repos":0,"owned_private_repos":0,"disk_usage":4278,"collaborators":0,"two_factor_authentication":false,"plan":{"name":"free","space":976562499,"collaborators":0,"private_repos":10000}}
[info] 
[info] +  Success! Logged into GitHub as Shrikant2603 
[info] 
